<?xml version="1.0" encoding="UTF-8"?>
<!-- Generated by org.testng.reporters.JUnitReportReporter -->
<testsuite hostname="MAA-5CG0205LRP" failures="0" tests="1" name="com.serilization.SimpleCode" time="0.327" errors="0" timestamp="2022-08-27T16:21:05 IST" skipped="0">
  <testcase classname="com.serilization.SimpleCode" name="name" time="0.327"/>
  <system-out/>
</testsuite> <!-- com.serilization.SimpleCode -->
