<?xml version="1.0" encoding="UTF-8"?>
<!-- Generated by org.testng.reporters.JUnitReportReporter -->
<testsuite hostname="MAA-5CG0205LRP" failures="0" tests="1" name="com.task.JsonParsing" time="3.987" errors="0" timestamp="2022-08-21T20:13:59 IST" skipped="0">
  <testcase classname="com.task.JsonParsing" name="parsing" time="3.987"/>
  <system-out/>
</testsuite> <!-- com.task.JsonParsing -->
