<?xml version="1.0" encoding="UTF-8"?>
<!-- Generated by org.testng.reporters.JUnitReportReporter -->
<testsuite hostname="MAA-5CG0205LRP" failures="0" tests="4" name="com.APITESTING.Reqres" time="4.255" errors="0" timestamp="2022-08-13T16:24:42 IST" skipped="0">
  <testcase classname="com.APITESTING.Reqres" name="Post" time="0.465"/>
  <system-out/>
  <testcase classname="com.APITESTING.Reqres" name="Delete" time="3.101"/>
  <system-out/>
  <testcase classname="com.APITESTING.Reqres" name="Put" time="0.414"/>
  <system-out/>
  <testcase classname="com.APITESTING.Reqres" name="Get" time="0.275"/>
  <system-out/>
</testsuite> <!-- com.APITESTING.Reqres -->
