<?xml version="1.0" encoding="UTF-8"?>
<!-- Generated by org.testng.reporters.JUnitReportReporter -->
<testsuite hostname="MAA-5CG0205LRP" failures="0" tests="1" name="com.serialization.ComplexCode" time="0.341" errors="0" timestamp="2022-08-27T17:50:36 IST" skipped="0">
  <testcase classname="com.serialization.ComplexCode" name="Complex" time="0.341"/>
  <system-out/>
</testsuite> <!-- com.serialization.ComplexCode -->
