<?xml version="1.0" encoding="UTF-8"?>
<!-- Generated by org.testng.reporters.JUnitReportReporter -->
<testsuite hostname="MAA-5CG0205LRP" failures="0" tests="1" name="com.serialization.SimpleCode" time="0.229" errors="0" timestamp="2022-08-27T21:33:57 IST" skipped="0">
  <testcase classname="com.serialization.SimpleCode" name="name" time="0.229"/>
  <system-out/>
</testsuite> <!-- com.serialization.SimpleCode -->
