<?xml version="1.0" encoding="UTF-8"?>
<!-- Generated by org.testng.reporters.JUnitReportReporter -->
<testsuite hostname="MAA-5CG0205LRP" failures="0" tests="4" name="com.API.GitHub" time="6.464" errors="0" timestamp="2022-08-19T20:47:05 IST" skipped="0">
  <testcase classname="com.API.GitHub" name="post" time="4.489"/>
  <system-out/>
  <testcase classname="com.API.GitHub" name="put" time="0.805"/>
  <system-out/>
  <testcase classname="com.API.GitHub" name="get" time="0.512"/>
  <system-out/>
  <testcase classname="com.API.GitHub" name="delete" time="0.658"/>
  <system-out/>
</testsuite> <!-- com.API.GitHub -->
